
<?xml version="1.0" encoding="UTF-8"?>
<robot generator="Robot 4.1.2 (Python 3.10.0 on win32)" generated="20211130 09:21:07.163" rpa="false" schemaversion="2">
<suite id="s1" name="Login Tests" source="C:\Users\vigne\Downloads\WebDemo-master\WebDemo-master\login_tests">
<suite id="s1-s1" name="Gherkin Login" source="C:\Users\vigne\Downloads\WebDemo-master\WebDemo-master\login_tests\gherkin_login.robot">
<test id="s1-s1-t1" name="Valid Login">
<kw name="Given browser is opened to login page">
<kw name="Open Browser To Login Page" library="resource">
<kw name="Open Browser" library="SeleniumLibrary">
<arg>${LOGIN URL}</arg>
<arg>${BROWSER}</arg>
<doc>Opens a new browser instance to the optional ``url``.</doc>
<msg timestamp="20211130 09:21:07.578" level="INFO">Opening browser 'Firefox' to base url 'http://localhost:7272/'.</msg>
<msg timestamp="20211130 09:21:07.587" level="INFO">Firefox driver log is always forced to to: C:\Users\vigne\Downloads\WebDemo-master\WebDemo-master\geckodriver-112.log</msg>
<kw name="Capture Page Screenshot" library="SeleniumLibrary">
<doc>Takes a screenshot of the current page and embeds it into a log file.</doc>
<msg timestamp="20211130 09:21:07.608" level="INFO">Cannot capture screenshot because no browser is open.</msg>
<status status="PASS" starttime="20211130 09:21:07.608" endtime="20211130 09:21:07.608"/>
</kw>
<msg timestamp="20211130 09:21:07.613" level="FAIL">WebDriverException: Message: 'geckodriver' executable needs to be in PATH. 
</msg>
<status status="FAIL" starttime="20211130 09:21:07.577" endtime="20211130 09:21:07.613"/>
</kw>
<kw name="Maximize Browser Window" library="SeleniumLibrary">
<doc>Maximizes current browser window.</doc>
<status status="NOT RUN" starttime="20211130 09:21:07.614" endtime="20211130 09:21:07.614"/>
</kw>
<kw name="Set Selenium Speed" library="SeleniumLibrary">
<arg>${DELAY}</arg>
<doc>Sets the delay that is waited after each Selenium command.</doc>
<status status="NOT RUN" starttime="20211130 09:21:07.614" endtime="20211130 09:21:07.614"/>
</kw>
<kw name="Login Page Should Be Open" library="resource">
<status status="NOT RUN" starttime="20211130 09:21:07.614" endtime="20211130 09:21:07.614"/>
</kw>
<status status="FAIL" starttime="20211130 09:21:07.577" endtime="20211130 09:21:07.615"/>
</kw>
<status status="FAIL" starttime="20211130 09:21:07.576" endtime="20211130 09:21:07.616"/>
</kw>
<kw name="When user &quot;demo&quot; logs in with password &quot;mode&quot;" sourcename="User &quot;${username}&quot; logs in with password &quot;${password}&quot;">
<status status="NOT RUN" starttime="20211130 09:21:07.621" endtime="20211130 09:21:07.621"/>
</kw>
<kw name="Then welcome page should be open" library="resource">
<status status="NOT RUN" starttime="20211130 09:21:07.622" endtime="20211130 09:21:07.622"/>
</kw>
<kw name="Close Browser" library="SeleniumLibrary" type="TEARDOWN">
<doc>Closes the current browser.</doc>
<status status="PASS" starttime="20211130 09:21:07.622" endtime="20211130 09:21:07.622"/>
</kw>
<status status="FAIL" starttime="20211130 09:21:07.575" endtime="20211130 09:21:07.623">WebDriverException: Message: 'geckodriver' executable needs to be in PATH. 
</status>
</test>
<doc>A test suite with a single Gherkin style test.

This test is functionally identical to the example in
valid_login.robot file.</doc>
<status status="FAIL" starttime="20211130 09:21:07.208" endtime="20211130 09:21:07.624"/>
</suite>
<suite id="s1-s2" name="Invalid Login" source="C:\Users\vigne\Downloads\WebDemo-master\WebDemo-master\login_tests\invalid_login.robot">
<kw name="Open Browser To Login Page" library="resource" type="SETUP">
<kw name="Open Browser" library="SeleniumLibrary">
<arg>${LOGIN URL}</arg>
<arg>${BROWSER}</arg>
<doc>Opens a new browser instance to the optional ``url``.</doc>
<msg timestamp="20211130 09:21:07.635" level="INFO">Opening browser 'Firefox' to base url 'http://localhost:7272/'.</msg>
<msg timestamp="20211130 09:21:07.644" level="INFO">Firefox driver log is always forced to to: C:\Users\vigne\Downloads\WebDemo-master\WebDemo-master\geckodriver-113.log</msg>
<kw name="Capture Page Screenshot" library="SeleniumLibrary">
<doc>Takes a screenshot of the current page and embeds it into a log file.</doc>
<msg timestamp="20211130 09:21:07.655" level="INFO">Cannot capture screenshot because no browser is open.</msg>
<status status="PASS" starttime="20211130 09:21:07.655" endtime="20211130 09:21:07.655"/>
</kw>
<msg timestamp="20211130 09:21:07.657" level="FAIL">WebDriverException: Message: 'geckodriver' executable needs to be in PATH. 
</msg>
<status status="FAIL" starttime="20211130 09:21:07.635" endtime="20211130 09:21:07.657"/>
</kw>
<kw name="Maximize Browser Window" library="SeleniumLibrary">
<doc>Maximizes current browser window.</doc>
<status status="NOT RUN" starttime="20211130 09:21:07.657" endtime="20211130 09:21:07.657"/>
</kw>
<kw name="Set Selenium Speed" library="SeleniumLibrary">
<arg>${DELAY}</arg>
<doc>Sets the delay that is waited after each Selenium command.</doc>
<status status="NOT RUN" starttime="20211130 09:21:07.658" endtime="20211130 09:21:07.658"/>
</kw>
<kw name="Login Page Should Be Open" library="resource">
<status status="NOT RUN" starttime="20211130 09:21:07.658" endtime="20211130 09:21:07.658"/>
</kw>
<status status="FAIL" starttime="20211130 09:21:07.635" endtime="20211130 09:21:07.658"/>
</kw>
<test id="s1-s2-t1" name="Invalid Username">
<status status="FAIL" starttime="20211130 09:21:07.658" endtime="20211130 09:21:07.659">Parent suite setup failed:
WebDriverException: Message: 'geckodriver' executable needs to be in PATH. 
</status>
</test>
<test id="s1-s2-t2" name="Invalid Password">
<status status="FAIL" starttime="20211130 09:21:07.661" endtime="20211130 09:21:07.662">Parent suite setup failed:
WebDriverException: Message: 'geckodriver' executable needs to be in PATH. 
</status>
</test>
<test id="s1-s2-t3" name="Invalid Username And Password">
<status status="FAIL" starttime="20211130 09:21:07.663" endtime="20211130 09:21:07.664">Parent suite setup failed:
WebDriverException: Message: 'geckodriver' executable needs to be in PATH. 
</status>
</test>
<test id="s1-s2-t4" name="Empty Username">
<status status="FAIL" starttime="20211130 09:21:07.665" endtime="20211130 09:21:07.666">Parent suite setup failed:
WebDriverException: Message: 'geckodriver' executable needs to be in PATH. 
</status>
</test>
<test id="s1-s2-t5" name="Empty Password">
<status status="FAIL" starttime="20211130 09:21:07.667" endtime="20211130 09:21:07.668">Parent suite setup failed:
WebDriverException: Message: 'geckodriver' executable needs to be in PATH. 
</status>
</test>
<test id="s1-s2-t6" name="Empty Username And Password">
<status status="FAIL" starttime="20211130 09:21:07.669" endtime="20211130 09:21:07.670">Parent suite setup failed:
WebDriverException: Message: 'geckodriver' executable needs to be in PATH. 
</status>
</test>
<kw name="Close Browser" library="SeleniumLibrary" type="TEARDOWN">
<doc>Closes the current browser.</doc>
<status status="PASS" starttime="20211130 09:21:07.671" endtime="20211130 09:21:07.671"/>
</kw>
<doc>A test suite containing tests related to invalid login.

These tests are data-driven by their nature. They use a single
keyword, specified with Test Template setting, that is called
with different arguments to cover different scenarios.

This suite also demonstrates using setups and teardowns in
different levels.</doc>
<status status="FAIL" starttime="20211130 09:21:07.627" endtime="20211130 09:21:07.671">Suite setup failed:
WebDriverException: Message: 'geckodriver' executable needs to be in PATH. 
</status>
</suite>
<suite id="s1-s3" name="Valid Login" source="C:\Users\vigne\Downloads\WebDemo-master\WebDemo-master\login_tests\valid_login.robot">
<test id="s1-s3-t1" name="Valid Login">
<kw name="Open Browser To Login Page" library="resource">
<kw name="Open Browser" library="SeleniumLibrary">
<arg>${LOGIN URL}</arg>
<arg>${BROWSER}</arg>
<doc>Opens a new browser instance to the optional ``url``.</doc>
<msg timestamp="20211130 09:21:07.685" level="INFO">Opening browser 'Firefox' to base url 'http://localhost:7272/'.</msg>
<msg timestamp="20211130 09:21:07.696" level="INFO">Firefox driver log is always forced to to: C:\Users\vigne\Downloads\WebDemo-master\WebDemo-master\geckodriver-114.log</msg>
<kw name="Capture Page Screenshot" library="SeleniumLibrary">
<doc>Takes a screenshot of the current page and embeds it into a log file.</doc>
<msg timestamp="20211130 09:21:07.702" level="INFO">Cannot capture screenshot because no browser is open.</msg>
<status status="PASS" starttime="20211130 09:21:07.702" endtime="20211130 09:21:07.702"/>
</kw>
<msg timestamp="20211130 09:21:07.703" level="FAIL">WebDriverException: Message: 'geckodriver' executable needs to be in PATH. 
</msg>
<status status="FAIL" starttime="20211130 09:21:07.685" endtime="20211130 09:21:07.704"/>
</kw>
<kw name="Maximize Browser Window" library="SeleniumLibrary">
<doc>Maximizes current browser window.</doc>
<status status="NOT RUN" starttime="20211130 09:21:07.704" endtime="20211130 09:21:07.704"/>
</kw>
<kw name="Set Selenium Speed" library="SeleniumLibrary">
<arg>${DELAY}</arg>
<doc>Sets the delay that is waited after each Selenium command.</doc>
<status status="NOT RUN" starttime="20211130 09:21:07.704" endtime="20211130 09:21:07.704"/>
</kw>
<kw name="Login Page Should Be Open" library="resource">
<status status="NOT RUN" starttime="20211130 09:21:07.704" endtime="20211130 09:21:07.704"/>
</kw>
<status status="FAIL" starttime="20211130 09:21:07.684" endtime="20211130 09:21:07.705"/>
</kw>
<kw name="Input Username" library="resource">
<arg>demo</arg>
<status status="NOT RUN" starttime="20211130 09:21:07.706" endtime="20211130 09:21:07.706"/>
</kw>
<kw name="Input Password" library="resource">
<arg>mode</arg>
<status status="NOT RUN" starttime="20211130 09:21:07.706" endtime="20211130 09:21:07.706"/>
</kw>
<kw name="Submit Credentials" library="resource">
<status status="NOT RUN" starttime="20211130 09:21:07.706" endtime="20211130 09:21:07.706"/>
</kw>
<kw name="Welcome Page Should Be Open" library="resource">
<status status="NOT RUN" starttime="20211130 09:21:07.707" endtime="20211130 09:21:07.707"/>
</kw>
<kw name="Close Browser" library="SeleniumLibrary" type="TEARDOWN">
<doc>Closes the current browser.</doc>
<status status="PASS" starttime="20211130 09:21:07.707" endtime="20211130 09:21:07.708"/>
</kw>
<status status="FAIL" starttime="20211130 09:21:07.683" endtime="20211130 09:21:07.712">WebDriverException: Message: 'geckodriver' executable needs to be in PATH. 
</status>
</test>
<doc>A test suite with a single test for valid login.

This test has a workflow that is created using keywords in
the imported resource file.</doc>
<status status="FAIL" starttime="20211130 09:21:07.674" endtime="20211130 09:21:07.714"/>
</suite>
<status status="FAIL" starttime="20211130 09:21:07.165" endtime="20211130 09:21:07.716"/>
</suite>
<statistics>
<total>
<stat pass="0" fail="8" skip="0">All Tests</stat>
</total>
<tag>
</tag>
<suite>
<stat pass="0" fail="8" skip="0" id="s1" name="Login Tests">Login Tests</stat>
<stat pass="0" fail="1" skip="0" id="s1-s1" name="Gherkin Login">Login Tests.Gherkin Login</stat>
<stat pass="0" fail="6" skip="0" id="s1-s2" name="Invalid Login">Login Tests.Invalid Login</stat>
<stat pass="0" fail="1" skip="0" id="s1-s3" name="Valid Login">Login Tests.Valid Login</stat>
</suite>
</statistics>
<errors>
</errors>
</robot>
